[debug] [2024-09-04T00:37:59.310Z] ----------------------------------------------------------------------
[debug] [2024-09-04T00:37:59.311Z] Command:       /Users/ericstraw/.nvm/versions/node/v18.20.3/bin/node /Users/ericstraw/.nvm/versions/node/v18.20.3/bin/firebase deploy
[debug] [2024-09-04T00:37:59.311Z] CLI Version:   13.15.4
[debug] [2024-09-04T00:37:59.312Z] Platform:      darwin
[debug] [2024-09-04T00:37:59.312Z] Node Version:  v18.20.3
[debug] [2024-09-04T00:37:59.313Z] Time:          Tue Sep 03 2024 19:37:59 GMT-0500 (Central Daylight Time)
[debug] [2024-09-04T00:37:59.313Z] ----------------------------------------------------------------------
[debug] 
[debug] [2024-09-04T00:37:59.348Z] > command requires scopes: ["email","openid","https://www.googleapis.com/auth/cloudplatformprojects.readonly","https://www.googleapis.com/auth/firebase","https://www.googleapis.com/auth/cloud-platform"]
[debug] [2024-09-04T00:37:59.348Z] > authorizing via signed-in user (easports1059@gmail.com)
[debug] [2024-09-04T00:37:59.348Z] [iam] checking project utmcs-1bcf2 for permissions ["cloudfunctions.functions.create","cloudfunctions.functions.delete","cloudfunctions.functions.get","cloudfunctions.functions.list","cloudfunctions.functions.update","cloudfunctions.operations.get","datastore.indexes.create","datastore.indexes.delete","datastore.indexes.list","datastore.indexes.update","firebase.projects.get","firebasehosting.sites.update"]
[debug] [2024-09-04T00:37:59.349Z] >>> [apiv2][query] POST https://cloudresourcemanager.googleapis.com/v1/projects/utmcs-1bcf2:testIamPermissions [none]
[debug] [2024-09-04T00:37:59.349Z] >>> [apiv2][(partial)header] POST https://cloudresourcemanager.googleapis.com/v1/projects/utmcs-1bcf2:testIamPermissions x-goog-quota-user=projects/utmcs-1bcf2
[debug] [2024-09-04T00:37:59.350Z] >>> [apiv2][body] POST https://cloudresourcemanager.googleapis.com/v1/projects/utmcs-1bcf2:testIamPermissions {"permissions":["cloudfunctions.functions.create","cloudfunctions.functions.delete","cloudfunctions.functions.get","cloudfunctions.functions.list","cloudfunctions.functions.update","cloudfunctions.operations.get","datastore.indexes.create","datastore.indexes.delete","datastore.indexes.list","datastore.indexes.update","firebase.projects.get","firebasehosting.sites.update"]}
[debug] [2024-09-04T00:37:59.483Z] <<< [apiv2][status] POST https://cloudresourcemanager.googleapis.com/v1/projects/utmcs-1bcf2:testIamPermissions 200
[debug] [2024-09-04T00:37:59.483Z] <<< [apiv2][body] POST https://cloudresourcemanager.googleapis.com/v1/projects/utmcs-1bcf2:testIamPermissions {"permissions":["cloudfunctions.functions.create","cloudfunctions.functions.delete","cloudfunctions.functions.get","cloudfunctions.functions.list","cloudfunctions.functions.update","cloudfunctions.operations.get","datastore.indexes.create","datastore.indexes.delete","datastore.indexes.list","datastore.indexes.update","firebase.projects.get","firebasehosting.sites.update"]}
[debug] [2024-09-04T00:37:59.483Z] >>> [apiv2][query] POST https://iam.googleapis.com/v1/projects/utmcs-1bcf2/serviceAccounts/utmcs-1bcf2@appspot.gserviceaccount.com:testIamPermissions [none]
[debug] [2024-09-04T00:37:59.483Z] >>> [apiv2][body] POST https://iam.googleapis.com/v1/projects/utmcs-1bcf2/serviceAccounts/utmcs-1bcf2@appspot.gserviceaccount.com:testIamPermissions {"permissions":["iam.serviceAccounts.actAs"]}
[debug] [2024-09-04T00:37:59.590Z] <<< [apiv2][status] POST https://iam.googleapis.com/v1/projects/utmcs-1bcf2/serviceAccounts/utmcs-1bcf2@appspot.gserviceaccount.com:testIamPermissions 200
[debug] [2024-09-04T00:37:59.590Z] <<< [apiv2][body] POST https://iam.googleapis.com/v1/projects/utmcs-1bcf2/serviceAccounts/utmcs-1bcf2@appspot.gserviceaccount.com:testIamPermissions {"permissions":["iam.serviceAccounts.actAs"]}
[debug] [2024-09-04T00:37:59.591Z] >>> [apiv2][query] GET https://firebase.googleapis.com/v1beta1/projects/utmcs-1bcf2 [none]
[debug] [2024-09-04T00:37:59.754Z] <<< [apiv2][status] GET https://firebase.googleapis.com/v1beta1/projects/utmcs-1bcf2 200
[debug] [2024-09-04T00:37:59.754Z] <<< [apiv2][body] GET https://firebase.googleapis.com/v1beta1/projects/utmcs-1bcf2 {"projectId":"utmcs-1bcf2","projectNumber":"669197706574","displayName":"UTMCS","name":"projects/utmcs-1bcf2","resources":{"hostingSite":"utmcs-1bcf2","realtimeDatabaseInstance":"utmcs-1bcf2-default-rtdb","storageBucket":"utmcs-1bcf2.appspot.com","locationId":"us-central"},"state":"ACTIVE","etag":"1_d07a553a-5f55-4b96-9f69-b88914cb702c"}
[debug] [2024-09-04T00:38:00.711Z] >>> [apiv2][query] GET https://firebasehosting.googleapis.com/v1beta1/projects/utmcs-1bcf2/sites pageToken=&pageSize=10
[debug] [2024-09-04T00:38:00.962Z] <<< [apiv2][status] GET https://firebasehosting.googleapis.com/v1beta1/projects/utmcs-1bcf2/sites 200
[debug] [2024-09-04T00:38:00.962Z] <<< [apiv2][body] GET https://firebasehosting.googleapis.com/v1beta1/projects/utmcs-1bcf2/sites {"sites":[{"name":"projects/utmcs-1bcf2/sites/utmcs-1bcf2","defaultUrl":"https://utmcs-1bcf2.web.app","type":"DEFAULT_SITE"}]}
[debug] [2024-09-04T00:38:00.964Z] >>> [apiv2][query] GET https://firebasehosting.googleapis.com/v1beta1/projects/utmcs-1bcf2/sites 
[debug] [2024-09-04T00:38:01.160Z] <<< [apiv2][status] GET https://firebasehosting.googleapis.com/v1beta1/projects/utmcs-1bcf2/sites 200
[debug] [2024-09-04T00:38:01.161Z] <<< [apiv2][body] GET https://firebasehosting.googleapis.com/v1beta1/projects/utmcs-1bcf2/sites {"sites":[{"name":"projects/utmcs-1bcf2/sites/utmcs-1bcf2","defaultUrl":"https://utmcs-1bcf2.web.app","type":"DEFAULT_SITE"}]}
[debug] [2024-09-04T00:38:01.162Z] >>> [apiv2][query] GET https://firebase.googleapis.com/v1beta1/projects/utmcs-1bcf2/webApps/-/config [none]
[debug] [2024-09-04T00:38:01.524Z] <<< [apiv2][status] GET https://firebase.googleapis.com/v1beta1/projects/utmcs-1bcf2/webApps/-/config 200
[debug] [2024-09-04T00:38:01.525Z] <<< [apiv2][body] GET https://firebase.googleapis.com/v1beta1/projects/utmcs-1bcf2/webApps/-/config {"projectId":"utmcs-1bcf2","appId":"1:669197706574:web:e972d2e24776573d60aa1f","databaseURL":"https://utmcs-1bcf2-default-rtdb.firebaseio.com","storageBucket":"utmcs-1bcf2.appspot.com","locationId":"us-central","apiKey":"AIzaSyB8rANSR3HoQdSprafHYjKw_wI5WOazlgQ","authDomain":"utmcs-1bcf2.firebaseapp.com","messagingSenderId":"669197706574","measurementId":"G-2LNR16P8J4"}
[info] 
   Thank you for trying our early preview of Angular support on Firebase Hosting.
   During the preview, support is best-effort and breaking changes can be expected. Proceed with caution.
   The integration is known to work with Angular version 14 - 17. You may encounter errors.

   Documentation: https://firebase.google.com/docs/hosting/frameworks/angular
   File a bug: https://github.com/firebase/firebase-tools/issues/new?template=bug_report.md
   Submit a feature request: https://github.com/firebase/firebase-tools/issues/new?template=feature_request.md

   We'd love to learn from you. Express your interest in helping us shape the future of Firebase Hosting: https://goo.gle/41enW5X

[debug] [2024-09-04T00:38:12.496Z] [web frameworks] effective firebase.json:  {
  "hosting": [
    {
      "source": ".",
      "ignore": [
        "firebase.json",
        "**/.*",
        "**/node_modules/**"
      ],
      "frameworksBackend": {
        "region": "us-central1"
      },
      "site": "utmcs-1bcf2",
      "rewrites": [
        {
          "source": "/**",
          "destination": "/index.html"
        }
      ],
      "redirects": [],
      "headers": [
        {
          "source": "/**/*.[jt]s",
          "headers": [
            {
              "key": "Set-Cookie",
              "value": "__FIREBASE_DEFAULTS__=eyJjb25maWciOnsicHJvamVjdElkIjoidXRtY3MtMWJjZjIiLCJhcHBJZCI6IjE6NjY5MTk3NzA2NTc0OndlYjplOTcyZDJlMjQ3NzY1NzNkNjBhYTFmIiwiZGF0YWJhc2VVUkwiOiJodHRwczovL3V0bWNzLTFiY2YyLWRlZmF1bHQtcnRkYi5maXJlYmFzZWlvLmNvbSIsInN0b3JhZ2VCdWNrZXQiOiJ1dG1jcy0xYmNmMi5hcHBzcG90LmNvbSIsImxvY2F0aW9uSWQiOiJ1cy1jZW50cmFsIiwiYXBpS2V5IjoiQUl6YVN5QjhyQU5TUjNIb1FkU3ByYWZIWWpLd193STVXT2F6bGdRIiwiYXV0aERvbWFpbiI6InV0bWNzLTFiY2YyLmZpcmViYXNlYXBwLmNvbSIsIm1lc3NhZ2luZ1NlbmRlcklkIjoiNjY5MTk3NzA2NTc0IiwibWVhc3VyZW1lbnRJZCI6IkctMkxOUjE2UDhKNCJ9fQ; SameSite=Strict; Expires=2026-07-30T11:18:12.496Z; Path=/;"
            }
          ]
        }
      ],
      "cleanUrls": true,
      "i18n": {
        "root": "/"
      },
      "public": ".firebase/utmcs-1bcf2/hosting",
      "webFramework": "angular"
    }
  ],
  "functions": {
    "predeploy": [
      "npm --prefix \"$RESOURCE_DIR\" run lint",
      "npm --prefix \"$RESOURCE_DIR\" run build"
    ]
  }
}
[info] 
[info] === Deploying to 'utmcs-1bcf2'...
[info] 
[info] i  deploying firestore, functions, hosting 
[debug] [2024-09-04T00:38:12.538Z] TypeError [ERR_INVALID_ARG_TYPE]: The "path" argument must be of type string. Received undefined
    at new NodeError (node:internal/errors:405:5)
    at validateString (node:internal/validators:162:11)
    at Object.join (node:path:1171:7)
    at Config.path (/Users/ericstraw/.nvm/versions/node/v18.20.3/lib/node_modules/firebase-tools/lib/config.js:130:45)
    at getChildEnvironment (/Users/ericstraw/.nvm/versions/node/v18.20.3/lib/node_modules/firebase-tools/lib/deploy/lifecycleHooks.js:56:49)
    at runTargetCommands (/Users/ericstraw/.nvm/versions/node/v18.20.3/lib/node_modules/firebase-tools/lib/deploy/lifecycleHooks.js:77:14)
    at /Users/ericstraw/.nvm/versions/node/v18.20.3/lib/node_modules/firebase-tools/lib/deploy/lifecycleHooks.js:151:24
    at async chain (/Users/ericstraw/.nvm/versions/node/v18.20.3/lib/node_modules/firebase-tools/lib/deploy/index.js:40:9)
    at async deploy (/Users/ericstraw/.nvm/versions/node/v18.20.3/lib/node_modules/firebase-tools/lib/deploy/index.js:96:5)
[error] 
[error] Error: An unexpected error has occurred.
